============================= test session starts ==============================
platform darwin -- Python 3.14.2, pytest-9.0.2, pluggy-1.6.0 -- /Users/saka/Desktop/spaceInvaders/redis/.venv/bin/python
cachedir: .pytest_cache
rootdir: /Users/saka/Desktop/spaceInvaders/redis
collecting ... collected 35 items

test/integration/test_concurrency.py::test_concurrent_set_get PASSED     [  2%]
test/integration/test_concurrency.py::test_concurrent_incr PASSED        [  5%]
test/integration/test_hashes.py::test_hset_hget PASSED                   [  8%]
test/integration/test_hashes.py::test_hdel PASSED                        [ 11%]
test/integration/test_hashes.py::test_hlen PASSED                        [ 14%]
test/integration/test_hashes.py::test_hgetall PASSED                     [ 17%]
test/integration/test_legacy.py::test_ping_raw FAILED                    [ 20%]
test/integration/test_legacy.py::test_set_get_raw FAILED                 [ 22%]
test/integration/test_legacy.py::test_unknown_command_raw PASSED         [ 25%]
test/integration/test_lists.py::test_lpush_lrange PASSED                 [ 28%]
test/integration/test_lists.py::test_rpush_lrange PASSED                 [ 31%]
test/integration/test_lists.py::test_lpop PASSED                         [ 34%]
test/integration/test_lists.py::test_rpop PASSED                         [ 37%]
test/integration/test_lists.py::test_llen PASSED                         [ 40%]
test/integration/test_lists.py::test_lrange_subrange PASSED              [ 42%]
test/integration/test_persistence_restart.py::test_persistence_survive_restart FAILED [ 45%]
test/integration/test_sets.py::test_sadd_smembers PASSED                 [ 48%]
test/integration/test_sets.py::test_srem PASSED                          [ 51%]
test/integration/test_sets.py::test_sismember PASSED                     [ 54%]
test/integration/test_sets.py::test_scard PASSED                         [ 57%]
test/integration/test_strings.py::test_mset_mget PASSED                  [ 60%]
test/integration/test_strings.py::test_mget_all_missing PASSED           [ 62%]
test/integration/test_strings.py::test_incr_on_non_integer PASSED        [ 65%]
test/integration/test_strings.py::test_keys_pattern PASSED               [ 68%]
test/integration/test_strings.py::test_keys_all PASSED                   [ 71%]
test/integration/test_strings.py::test_exists_present PASSED             [ 74%]
test/integration/test_strings.py::test_exists_absent PASSED              [ 77%]
test/integration/test_strings.py::test_exists_multiple PASSED            [ 80%]
test/integration/test_strings.py::test_rename PASSED                     [ 82%]
test/integration/test_strings.py::test_rename_nonexistent PASSED         [ 85%]
test/integration/test_zsets.py::test_zadd_zscore PASSED                  [ 88%]
test/integration/test_zsets.py::test_zrem PASSED                         [ 91%]
test/integration/test_zsets.py::test_zcard PASSED                        [ 94%]
test/integration/test_zsets.py::test_zrange PASSED                       [ 97%]
test/integration/test_zsets.py::test_zrangebyscore PASSED                [100%]

=================================== FAILURES ===================================
________________________________ test_ping_raw _________________________________
test/integration/test_legacy.py:14: in test_ping_raw
    assert "+PONG" in resp
E   AssertionError: assert '+PONG' in ''
_______________________________ test_set_get_raw _______________________________
test/integration/test_legacy.py:18: in test_set_get_raw
    resp = send_raw(raw_client, "*3\r\n$3\r\nSET\r\n$3\r\nfoo\r\n$3\r\nbar\r\n")
           ^^^^^^^^^^^^^^^^^^^^^^^^^^^^^^^^^^^^^^^^^^^^^^^^^^^^^^^^^^^^^^^^^^^^^
test/integration/test_legacy.py:9: in send_raw
    return sock.recv(4096).decode()
           ^^^^^^^^^^^^^^^
E   TimeoutError: timed out
_______________________ test_persistence_survive_restart _______________________
test/integration/test_persistence_restart.py:78: in test_persistence_survive_restart
    assert client2.get("persist_str") == "hello"
E   AssertionError: assert None == 'hello'
E    +  where None = get('persist_str')
E    +    where get = <redis.client.Redis(<redis.connection.ConnectionPool(<redis.connection.Connection(db=0,username=None,password=None,socket_timeout=5,encoding=utf-8,encoding_errors=strict,decode_responses=True,retry_on_error=[],retry=<redis.retry.Retry object at 0x109c144d0>,health_check_interval=0,client_name=None,driver_info=DriverInfo(name='redis-py', lib_version='7.2.0', _upstream=[]),redis_connect_func=None,credential_provider=None,protocol=2,host=127.0.0.1,port=59241,socket_connect_timeout=None,socket_keepalive=None,socket_keepalive_options=None)>)>)>.get
=========================== short test summary info ============================
FAILED test/integration/test_legacy.py::test_ping_raw - AssertionError: asser...
FAILED test/integration/test_legacy.py::test_set_get_raw - TimeoutError: time...
FAILED test/integration/test_persistence_restart.py::test_persistence_survive_restart
======================== 3 failed, 32 passed in 39.67s =========================
